  final_demo.cpp
final_demo.cpp(35): warning C4305: 'initializing': truncation from 'double' to 'float'
final_demo.cpp(36): warning C4305: 'initializing': truncation from 'double' to 'float'
final_demo.cpp(37): warning C4305: 'initializing': truncation from 'double' to 'float'
final_demo.cpp(42): warning C4305: 'initializing': truncation from 'double' to 'float'
final_demo.cpp(237): warning C4244: '=': conversion from 'double' to 'float', possible loss of data
final_demo.cpp(238): warning C4244: '=': conversion from 'double' to 'float', possible loss of data
final_demo.cpp(239): warning C4244: '=': conversion from 'double' to 'float', possible loss of data
final_demo.cpp(245): warning C4244: '=': conversion from 'double' to 'float', possible loss of data
final_demo.cpp(246): warning C4244: '=': conversion from 'double' to 'float', possible loss of data
final_demo.cpp(247): warning C4244: '=': conversion from 'double' to 'float', possible loss of data
final_demo.cpp(253): warning C4244: '=': conversion from 'double' to 'float', possible loss of data
final_demo.cpp(254): warning C4244: '=': conversion from 'double' to 'float', possible loss of data
final_demo.cpp(255): warning C4244: '=': conversion from 'double' to 'float', possible loss of data
final_demo.cpp(260): warning C4244: '=': conversion from 'double' to 'float', possible loss of data
final_demo.cpp(310): warning C4305: '=': truncation from 'double' to 'float'
final_demo.cpp(312): warning C4305: '=': truncation from 'double' to 'float'
final_demo.cpp(313): warning C4305: '=': truncation from 'double' to 'float'
final_demo.cpp(314): warning C4305: '=': truncation from 'double' to 'float'
final_demo.cpp(315): warning C4305: '=': truncation from 'double' to 'float'
final_demo.cpp(330): warning C4244: '=': conversion from 'double' to 'float', possible loss of data
final_demo.cpp(331): warning C4244: '=': conversion from 'double' to 'float', possible loss of data
final_demo.cpp(332): warning C4244: '=': conversion from 'int' to 'float', possible loss of data
final_demo.cpp(341): warning C4305: '=': truncation from 'double' to 'float'
final_demo.cpp(342): warning C4305: '=': truncation from 'double' to 'float'
final_demo.cpp(343): warning C4305: '=': truncation from 'double' to 'float'
final_demo.cpp(348): warning C4305: '=': truncation from 'double' to 'float'
final_demo.cpp(349): warning C4305: '=': truncation from 'double' to 'float'
final_demo.cpp(350): warning C4305: '=': truncation from 'double' to 'float'
final_demo.cpp(432): warning C4244: 'initializing': conversion from 'int' to 'float', possible loss of data
final_demo.cpp(434): warning C4244: 'initializing': conversion from 'int' to 'float', possible loss of data
final_demo.cpp(436): warning C4244: 'initializing': conversion from 'int' to 'float', possible loss of data
final_demo.cpp(438): warning C4244: '=': conversion from 'int' to 'float', possible loss of data
final_demo.cpp(680): warning C4244: 'initializing': conversion from 'int' to 'float', possible loss of data
final_demo.cpp(731): warning C4244: '=': conversion from 'double' to 'float', possible loss of data
final_demo.cpp(733): warning C4305: '=': truncation from 'double' to 'float'
final_demo.cpp(539): warning C4101: 'vel_mag': unreferenced local variable
final_demo.cpp(537): warning C4101: 'obs_dist': unreferenced local variable
final_demo.cpp(950): warning C4244: '=': conversion from 'double' to 'GLfloat', possible loss of data
final_demo.cpp(952): warning C4244: '=': conversion from 'double' to 'GLfloat', possible loss of data
final_demo.cpp(969): warning C4244: '=': conversion from 'double' to 'GLfloat', possible loss of data
final_demo.cpp(971): warning C4244: '=': conversion from 'double' to 'GLfloat', possible loss of data
final_demo.cpp(990): warning C4244: '=': conversion from 'double' to 'GLfloat', possible loss of data
final_demo.cpp(992): warning C4244: '=': conversion from 'double' to 'GLfloat', possible loss of data
final_demo.cpp(1049): warning C4305: 'initializing': truncation from 'double' to 'float'
final_demo.cpp(1163): warning C4838: conversion from 'double' to 'GLfloat' requires a narrowing conversion
final_demo.cpp(1163): warning C4244: 'initializing': conversion from 'double' to 'GLfloat', possible loss of data
  Generating code
  2 of 309 functions ( 0.6%) were compiled, the rest were copied from previous compilation.
    0 functions were new in current compilation
    0 functions had inline decision re-evaluated but remain unchanged
  Finished generating code
  final_demo.vcxproj -> C:\Users\P-Day\documents\visual studio 2015\Projects\final_demo\Release\final_demo.exe
  final_demo.vcxproj -> C:\Users\P-Day\documents\visual studio 2015\Projects\final_demo\Release\final_demo.pdb (Full PDB)
